0 info it worked if it ends with ok
1 verbose cli [ 'C:\\Program Files\\nodejs\\node.exe',
1 verbose cli   'C:\\Program Files\\nodejs\\node_modules\\npm\\bin\\npm-cli.js',
1 verbose cli   'install',
1 verbose cli   'tsd@next-g' ]
2 info using npm@3.10.3
3 info using node@v6.4.0
4 silly loadCurrentTree Starting
5 silly install loadCurrentTree
6 silly install readLocalPackageData
7 silly fetchPackageMetaData tsd@next-g
8 silly fetchNamedPackageData tsd
9 silly mapToRegistry name tsd
10 silly mapToRegistry using default registry
11 silly mapToRegistry registry https://registry.npmjs.org/
12 silly mapToRegistry data Result {
12 silly mapToRegistry   raw: 'tsd',
12 silly mapToRegistry   scope: null,
12 silly mapToRegistry   escapedName: 'tsd',
12 silly mapToRegistry   name: 'tsd',
12 silly mapToRegistry   rawSpec: '',
12 silly mapToRegistry   spec: 'latest',
12 silly mapToRegistry   type: 'tag' }
13 silly mapToRegistry uri https://registry.npmjs.org/tsd
14 verbose request uri https://registry.npmjs.org/tsd
15 verbose request no auth needed
16 info attempt registry request try #1 at 1:58:42 PM
17 verbose request id 2285b49bc7869fbd
18 verbose etag "A5P28IAJAMNWSR6ZQ3COUH975"
19 http request GET https://registry.npmjs.org/tsd
20 http 304 https://registry.npmjs.org/tsd
21 verbose headers { date: 'Mon, 29 Aug 2016 01:58:45 GMT',
21 verbose headers   via: '1.1 varnish',
21 verbose headers   'cache-control': 'max-age=300',
21 verbose headers   etag: '"A5P28IAJAMNWSR6ZQ3COUH975"',
21 verbose headers   age: '41',
21 verbose headers   connection: 'keep-alive',
21 verbose headers   'x-served-by': 'cache-hkg6826-HKG',
21 verbose headers   'x-cache': 'HIT',
21 verbose headers   'x-cache-hits': '1',
21 verbose headers   'x-timer': 'S1472435925.096087,VS0,VE0',
21 verbose headers   vary: 'Accept-Encoding' }
22 silly get cb [ 304,
22 silly get   { date: 'Mon, 29 Aug 2016 01:58:45 GMT',
22 silly get     via: '1.1 varnish',
22 silly get     'cache-control': 'max-age=300',
22 silly get     etag: '"A5P28IAJAMNWSR6ZQ3COUH975"',
22 silly get     age: '41',
22 silly get     connection: 'keep-alive',
22 silly get     'x-served-by': 'cache-hkg6826-HKG',
22 silly get     'x-cache': 'HIT',
22 silly get     'x-cache-hits': '1',
22 silly get     'x-timer': 'S1472435925.096087,VS0,VE0',
22 silly get     vary: 'Accept-Encoding' } ]
23 verbose etag https://registry.npmjs.org/tsd from cache
24 verbose get saving tsd to C:\Users\Ryan\AppData\Roaming\npm-cache\registry.npmjs.org\tsd\.cache.json
25 verbose correctMkdir C:\Users\Ryan\AppData\Roaming\npm-cache correctMkdir not in flight; initializing
26 silly fetchNamedPackageData No valid target from cache, forcing network
27 verbose request uri https://registry.npmjs.org/tsd
28 verbose request no auth needed
29 info attempt registry request try #1 at 1:58:43 PM
30 http request GET https://registry.npmjs.org/tsd
31 http 200 https://registry.npmjs.org/tsd
32 verbose headers { server: 'CouchDB/1.6.1 (Erlang OTP/R16B03)',
32 verbose headers   etag: '"A5P28IAJAMNWSR6ZQ3COUH975"',
32 verbose headers   'content-type': 'application/json',
32 verbose headers   'content-encoding': 'gzip',
32 verbose headers   'cache-control': 'max-age=300',
32 verbose headers   'content-length': '15485',
32 verbose headers   'accept-ranges': 'bytes',
32 verbose headers   date: 'Mon, 29 Aug 2016 01:58:45 GMT',
32 verbose headers   via: '1.1 varnish',
32 verbose headers   age: '41',
32 verbose headers   connection: 'keep-alive',
32 verbose headers   'x-served-by': 'cache-hkg6826-HKG',
32 verbose headers   'x-cache': 'HIT',
32 verbose headers   'x-cache-hits': '2',
32 verbose headers   'x-timer': 'S1472435925.413876,VS0,VE0',
32 verbose headers   vary: 'Accept-Encoding' }
33 silly get cb [ 200,
33 silly get   { server: 'CouchDB/1.6.1 (Erlang OTP/R16B03)',
33 silly get     etag: '"A5P28IAJAMNWSR6ZQ3COUH975"',
33 silly get     'content-type': 'application/json',
33 silly get     'content-encoding': 'gzip',
33 silly get     'cache-control': 'max-age=300',
33 silly get     'content-length': '15485',
33 silly get     'accept-ranges': 'bytes',
33 silly get     date: 'Mon, 29 Aug 2016 01:58:45 GMT',
33 silly get     via: '1.1 varnish',
33 silly get     age: '41',
33 silly get     connection: 'keep-alive',
33 silly get     'x-served-by': 'cache-hkg6826-HKG',
33 silly get     'x-cache': 'HIT',
33 silly get     'x-cache-hits': '2',
33 silly get     'x-timer': 'S1472435925.413876,VS0,VE0',
33 silly get     vary: 'Accept-Encoding' } ]
34 verbose get saving tsd to C:\Users\Ryan\AppData\Roaming\npm-cache\registry.npmjs.org\tsd\.cache.json
35 verbose correctMkdir C:\Users\Ryan\AppData\Roaming\npm-cache correctMkdir not in flight; initializing
36 silly fetchPackageMetaData Error: No compatible version found: tsd@next-g
36 silly fetchPackageMetaData Valid install targets:
36 silly fetchPackageMetaData 0.6.5, 0.6.5-beta.2, 0.6.5-beta, 0.6.4, 0.6.4-beta, 0.6.3, 0.6.1, 0.6.0, 0.6.0-beta.5, 0.6.0-beta.4, 0.6.0-beta.3, 0.6.0-beta.2, 0.6.0-beta.1, 0.5.7, 0.5.6, 0.5.5, 0.5.3, 0.5.2, 0.3.1, 0.3.0, 0.2.2, 0.2.1, 0.2.0, 0.1.2, 0.1.1, 0.1.0
36 silly fetchPackageMetaData
36 silly fetchPackageMetaData     at pickVersionFromRegistryDocument (C:\Program Files\nodejs\node_modules\npm\lib\fetch-package-metadata.js:170:16)
36 silly fetchPackageMetaData     at C:\Program Files\nodejs\node_modules\npm\node_modules\iferr\index.js:13:50
36 silly fetchPackageMetaData     at C:\Program Files\nodejs\node_modules\npm\lib\utils\pulse-till-done.js:20:8
36 silly fetchPackageMetaData     at saved (C:\Program Files\nodejs\node_modules\npm\lib\cache\caching-client.js:174:7)
36 silly fetchPackageMetaData     at C:\Program Files\nodejs\node_modules\npm\node_modules\graceful-fs\polyfills.js:210:7
36 silly fetchPackageMetaData     at FSReqWrap.oncomplete (fs.js:123:15)
36 silly fetchPackageMetaData  error for tsd@next-g Error: No compatible version found: tsd@next-g
36 silly fetchPackageMetaData Valid install targets:
36 silly fetchPackageMetaData 0.6.5, 0.6.5-beta.2, 0.6.5-beta, 0.6.4, 0.6.4-beta, 0.6.3, 0.6.1, 0.6.0, 0.6.0-beta.5, 0.6.0-beta.4, 0.6.0-beta.3, 0.6.0-beta.2, 0.6.0-beta.1, 0.5.7, 0.5.6, 0.5.5, 0.5.3, 0.5.2, 0.3.1, 0.3.0, 0.2.2, 0.2.1, 0.2.0, 0.1.2, 0.1.1, 0.1.0
36 silly fetchPackageMetaData
36 silly fetchPackageMetaData     at pickVersionFromRegistryDocument (C:\Program Files\nodejs\node_modules\npm\lib\fetch-package-metadata.js:170:16)
36 silly fetchPackageMetaData     at C:\Program Files\nodejs\node_modules\npm\node_modules\iferr\index.js:13:50
36 silly fetchPackageMetaData     at C:\Program Files\nodejs\node_modules\npm\lib\utils\pulse-till-done.js:20:8
36 silly fetchPackageMetaData     at saved (C:\Program Files\nodejs\node_modules\npm\lib\cache\caching-client.js:174:7)
36 silly fetchPackageMetaData     at C:\Program Files\nodejs\node_modules\npm\node_modules\graceful-fs\polyfills.js:210:7
36 silly fetchPackageMetaData     at FSReqWrap.oncomplete (fs.js:123:15)
37 silly rollbackFailedOptional Starting
38 silly rollbackFailedOptional Finishing
39 silly runTopLevelLifecycles Starting
40 silly runTopLevelLifecycles Finishing
41 silly install printInstalled
42 verbose stack Error: No compatible version found: tsd@next-g
42 verbose stack Valid install targets:
42 verbose stack 0.6.5, 0.6.5-beta.2, 0.6.5-beta, 0.6.4, 0.6.4-beta, 0.6.3, 0.6.1, 0.6.0, 0.6.0-beta.5, 0.6.0-beta.4, 0.6.0-beta.3, 0.6.0-beta.2, 0.6.0-beta.1, 0.5.7, 0.5.6, 0.5.5, 0.5.3, 0.5.2, 0.3.1, 0.3.0, 0.2.2, 0.2.1, 0.2.0, 0.1.2, 0.1.1, 0.1.0
42 verbose stack
42 verbose stack     at pickVersionFromRegistryDocument (C:\Program Files\nodejs\node_modules\npm\lib\fetch-package-metadata.js:170:16)
42 verbose stack     at C:\Program Files\nodejs\node_modules\npm\node_modules\iferr\index.js:13:50
42 verbose stack     at C:\Program Files\nodejs\node_modules\npm\lib\utils\pulse-till-done.js:20:8
42 verbose stack     at saved (C:\Program Files\nodejs\node_modules\npm\lib\cache\caching-client.js:174:7)
42 verbose stack     at C:\Program Files\nodejs\node_modules\npm\node_modules\graceful-fs\polyfills.js:210:7
42 verbose stack     at FSReqWrap.oncomplete (fs.js:123:15)
43 verbose cwd c:\Users\Ryan\Documents\github\myCurrencyConverter
44 error Windows_NT 10.0.14393
45 error argv "C:\\Program Files\\nodejs\\node.exe" "C:\\Program Files\\nodejs\\node_modules\\npm\\bin\\npm-cli.js" "install" "tsd@next-g"
46 error node v6.4.0
47 error npm  v3.10.3
48 error No compatible version found: tsd@next-g
48 error Valid install targets:
48 error 0.6.5, 0.6.5-beta.2, 0.6.5-beta, 0.6.4, 0.6.4-beta, 0.6.3, 0.6.1, 0.6.0, 0.6.0-beta.5, 0.6.0-beta.4, 0.6.0-beta.3, 0.6.0-beta.2, 0.6.0-beta.1, 0.5.7, 0.5.6, 0.5.5, 0.5.3, 0.5.2, 0.3.1, 0.3.0, 0.2.2, 0.2.1, 0.2.0, 0.1.2, 0.1.1, 0.1.0
49 error If you need help, you may report this error at:
49 error     <https://github.com/npm/npm/issues>
50 verbose exit [ 1, true ]
